c:\source\azure_sphere_sk_adc_rtapp\avnetazurespheresk_oled\avnetstarterkitreferencedesign\bin\arm\debug\avnetstarterkitconnectedpowersupply.out
c:\source\azure_sphere_sk_adc_rtapp\avnetazurespheresk_oled\avnetstarterkitreferencedesign\bin\arm\debug\approotavnetstarterkitconnectedpowersupply\app_manifest.json
c:\source\azure_sphere_sk_adc_rtapp\avnetazurespheresk_oled\avnetstarterkitreferencedesign\bin\arm\debug\approotavnetstarterkitconnectedpowersupply\bin\app
c:\source\azure_sphere_sk_adc_rtapp\avnetazurespheresk_oled\avnetstarterkitreferencedesign\bin\arm\debug\avnetstarterkitconnectedpowersupply.imagepackage
c:\source\azure_sphere_sk_adc_rtapp\avnetazurespheresk_oled\avnetstarterkitreferencedesign\obj\arm\debug\parson.o
c:\source\azure_sphere_sk_adc_rtapp\avnetazurespheresk_oled\avnetstarterkitreferencedesign\obj\arm\debug\lps22hh_reg.o
c:\source\azure_sphere_sk_adc_rtapp\avnetazurespheresk_oled\avnetstarterkitreferencedesign\obj\arm\debug\epoll_timerfd_utilities.o
c:\source\azure_sphere_sk_adc_rtapp\avnetazurespheresk_oled\avnetstarterkitreferencedesign\obj\arm\debug\oled.o
c:\source\azure_sphere_sk_adc_rtapp\avnetazurespheresk_oled\avnetstarterkitreferencedesign\obj\arm\debug\lsm6dso_reg.o
c:\source\azure_sphere_sk_adc_rtapp\avnetazurespheresk_oled\avnetstarterkitreferencedesign\obj\arm\debug\i2c.o
c:\source\azure_sphere_sk_adc_rtapp\avnetazurespheresk_oled\avnetstarterkitreferencedesign\obj\arm\debug\azure_iot_utilities.o
c:\source\azure_sphere_sk_adc_rtapp\avnetazurespheresk_oled\avnetstarterkitreferencedesign\obj\arm\debug\sd1306.o
c:\source\azure_sphere_sk_adc_rtapp\avnetazurespheresk_oled\avnetstarterkitreferencedesign\obj\arm\debug\device_twin.o
c:\source\azure_sphere_sk_adc_rtapp\avnetazurespheresk_oled\avnetstarterkitreferencedesign\obj\arm\debug\main.o
c:\source\azuresphere_sk_connected_psu\avnetazurespheresk_oled\avnetstarterkitreferencedesign\bin\arm\debug\avnetstarterkitconnectedpowersupply.out
c:\source\azuresphere_sk_connected_psu\avnetazurespheresk_oled\avnetstarterkitreferencedesign\obj\arm\debug\avnetsta.1ec4aaf4.tlog\arm-poky-linux-musleabi-gcc.command.1.tlog
c:\source\azuresphere_sk_connected_psu\avnetazurespheresk_oled\avnetstarterkitreferencedesign\obj\arm\debug\avnetsta.1ec4aaf4.tlog\arm-poky-linux-musleabi-gcc.read.1.tlog
c:\source\azuresphere_sk_connected_psu\avnetazurespheresk_oled\avnetstarterkitreferencedesign\obj\arm\debug\avnetsta.1ec4aaf4.tlog\arm-poky-linux-musleabi-gcc.write.1.tlog
c:\source\azuresphere_sk_connected_psu\avnetazurespheresk_oled\avnetstarterkitreferencedesign\obj\arm\debug\avnetsta.1ec4aaf4.tlog\avnetstarterkitconnectedpowersupply-makeimage.read.1u.tlog
c:\source\azuresphere_sk_connected_psu\avnetazurespheresk_oled\avnetstarterkitreferencedesign\obj\arm\debug\avnetsta.1ec4aaf4.tlog\avnetstarterkitconnectedpowersupply-makeimage.write.1u.tlog
c:\source\azuresphere_sk_connected_psu\avnetazurespheresk_oled\avnetstarterkitreferencedesign\obj\arm\debug\avnetsta.1ec4aaf4.tlog\microsoft.build.linux.cross.tasks.compile.read.1.tlog
c:\source\azuresphere_sk_connected_psu\avnetazurespheresk_oled\avnetstarterkitreferencedesign\obj\arm\debug\avnetsta.1ec4aaf4.tlog\microsoft.build.linux.cross.tasks.compile.write.1.tlog
